# JRE version: OpenJDK Runtime Environment Temurin-11.0.12+7 (11.0.12+7) (build 11.0.12+7)
# Java VM: OpenJDK 64-Bit Server VM Temurin-11.0.12+7 (11.0.12+7, mixed mode, tiered, compressed oops, parallel gc, windows-amd64)
Heap:
 PSYoungGen      total 24064K, used 266K [0x00000000eab00000, 0x00000000ec480000, 0x0000000100000000)
  eden space 22016K, 1% used [0x00000000eab00000,0x00000000eab42908,0x00000000ec080000)
  from space 2048K, 0% used [0x00000000ec100000,0x00000000ec100000,0x00000000ec300000)
  to   space 1024K, 0% used [0x00000000ec380000,0x00000000ec380000,0x00000000ec480000)
 ParOldGen       total 68608K, used 24626K [0x00000000c0000000, 0x00000000c4300000, 0x00000000eab00000)
  object space 68608K, 35% used [0x00000000c0000000,0x00000000c180c878,0x00000000c4300000)
 Metaspace       used 33361K, capacity 35365K, committed 35672K, reserved 1081344K
  class space    used 3169K, capacity 3878K, committed 3968K, reserved 1048576K
GC Heap History (20 events):
Event: 3.347 GC heap before
{Heap before GC invocations=8 (full 1):
 PSYoungGen      total 26624K, used 26606K [0x00000000eab00000, 0x00000000eca00000, 0x0000000100000000)
  eden space 24064K, 99% used [0x00000000eab00000,0x00000000ec27f110,0x00000000ec280000)
  from space 2560K, 99% used [0x00000000ec600000,0x00000000ec87c7a0,0x00000000ec880000)
  to   space 3584K, 0% used [0x00000000ec280000,0x00000000ec280000,0x00000000ec600000)
 ParOldGen       total 68608K, used 6343K [0x00000000c0000000, 0x00000000c4300000, 0x00000000eab00000)
  object space 68608K, 9% used [0x00000000c0000000,0x00000000c0631d98,0x00000000c4300000)
 Metaspace       used 30598K, capacity 32555K, committed 32640K, reserved 1079296K
  class space    used 2945K, capacity 3667K, committed 3712K, reserved 1048576K
}
Event: 3.349 GC heap after
{Heap after GC invocations=8 (full 1):
 PSYoungGen      total 27136K, used 3571K [0x00000000eab00000, 0x00000000ecb00000, 0x0000000100000000)
  eden space 23552K, 0% used [0x00000000eab00000,0x00000000eab00000,0x00000000ec200000)
  from space 3584K, 99% used [0x00000000ec280000,0x00000000ec5fcdf0,0x00000000ec600000)
  to   space 4608K, 0% used [0x00000000ec680000,0x00000000ec680000,0x00000000ecb00000)
 ParOldGen       total 68608K, used 6879K [0x00000000c0000000, 0x00000000c4300000, 0x00000000eab00000)
  object space 68608K, 10% used [0x00000000c0000000,0x00000000c06b7d98,0x00000000c4300000)
 Metaspace       used 30598K, capacity 32555K, committed 32640K, reserved 1079296K
  class space    used 2945K, capacity 3667K, committed 3712K, reserved 1048576K
}
Event: 3.426 GC heap before
{Heap before GC invocations=9 (full 1):
 PSYoungGen      total 27136K, used 27123K [0x00000000eab00000, 0x00000000ecb00000, 0x0000000100000000)
  eden space 23552K, 100% used [0x00000000eab00000,0x00000000ec200000,0x00000000ec200000)
  from space 3584K, 99% used [0x00000000ec280000,0x00000000ec5fcdf0,0x00000000ec600000)
  to   space 4608K, 0% used [0x00000000ec680000,0x00000000ec680000,0x00000000ecb00000)
 ParOldGen       total 68608K, used 6879K [0x00000000c0000000, 0x00000000c4300000, 0x00000000eab00000)
  object space 68608K, 10% used [0x00000000c0000000,0x00000000c06b7d98,0x00000000c4300000)
 Metaspace       used 31033K, capacity 32937K, committed 33152K, reserved 1079296K
  class space    used 3001K, capacity 3709K, committed 3712K, reserved 1048576K
}
Event: 3.429 GC heap after
{Heap after GC invocations=9 (full 1):
 PSYoungGen      total 26624K, used 4593K [0x00000000eab00000, 0x00000000ecd80000, 0x0000000100000000)
  eden space 22016K, 0% used [0x00000000eab00000,0x00000000eab00000,0x00000000ec080000)
  from space 4608K, 99% used [0x00000000ec680000,0x00000000ecafc7e0,0x00000000ecb00000)
  to   space 6144K, 0% used [0x00000000ec080000,0x00000000ec080000,0x00000000ec680000)
 ParOldGen       total 68608K, used 7971K [0x00000000c0000000, 0x00000000c4300000, 0x00000000eab00000)
  object space 68608K, 11% used [0x00000000c0000000,0x00000000c07c8de8,0x00000000c4300000)
 Metaspace       used 31033K, capacity 32937K, committed 33152K, reserved 1079296K
  class space    used 3001K, capacity 3709K, committed 3712K, reserved 1048576K
}
Event: 3.473 GC heap before
{Heap before GC invocations=10 (full 1):
 PSYoungGen      total 26624K, used 26609K [0x00000000eab00000, 0x00000000ecd80000, 0x0000000100000000)
  eden space 22016K, 100% used [0x00000000eab00000,0x00000000ec080000,0x00000000ec080000)
  from space 4608K, 99% used [0x00000000ec680000,0x00000000ecafc7e0,0x00000000ecb00000)
  to   space 6144K, 0% used [0x00000000ec080000,0x00000000ec080000,0x00000000ec680000)
 ParOldGen       total 68608K, used 7971K [0x00000000c0000000, 0x00000000c4300000, 0x00000000eab00000)
  object space 68608K, 11% used [0x00000000c0000000,0x00000000c07c8de8,0x00000000c4300000)
 Metaspace       used 31071K, capacity 32937K, committed 33152K, reserved 1079296K
  class space    used 3001K, capacity 3709K, committed 3712K, reserved 1048576K
}
Event: 3.477 GC heap after
{Heap after GC invocations=10 (full 1):
 PSYoungGen      total 27136K, used 4667K [0x00000000eab00000, 0x00000000eca80000, 0x0000000100000000)
  eden space 22016K, 0% used [0x00000000eab00000,0x00000000eab00000,0x00000000ec080000)
  from space 5120K, 91% used [0x00000000ec080000,0x00000000ec50ed50,0x00000000ec580000)
  to   space 5120K, 0% used [0x00000000ec580000,0x00000000ec580000,0x00000000eca80000)
 ParOldGen       total 68608K, used 9928K [0x00000000c0000000, 0x00000000c4300000, 0x00000000eab00000)
  object space 68608K, 14% used [0x00000000c0000000,0x00000000c09b21c8,0x00000000c4300000)
 Metaspace       used 31071K, capacity 32937K, committed 33152K, reserved 1079296K
  class space    used 3001K, capacity 3709K, committed 3712K, reserved 1048576K
}
Event: 3.526 GC heap before
{Heap before GC invocations=11 (full 1):
 PSYoungGen      total 27136K, used 26683K [0x00000000eab00000, 0x00000000eca80000, 0x0000000100000000)
  eden space 22016K, 100% used [0x00000000eab00000,0x00000000ec080000,0x00000000ec080000)
  from space 5120K, 91% used [0x00000000ec080000,0x00000000ec50ed50,0x00000000ec580000)
  to   space 5120K, 0% used [0x00000000ec580000,0x00000000ec580000,0x00000000eca80000)
 ParOldGen       total 68608K, used 9928K [0x00000000c0000000, 0x00000000c4300000, 0x00000000eab00000)
  object space 68608K, 14% used [0x00000000c0000000,0x00000000c09b21c8,0x00000000c4300000)
 Metaspace       used 31237K, capacity 33065K, committed 33152K, reserved 1079296K
  class space    used 3014K, capacity 3709K, committed 3712K, reserved 1048576K
}
Event: 3.530 GC heap after
{Heap after GC invocations=11 (full 1):
 PSYoungGen      total 27136K, used 4562K [0x00000000eab00000, 0x00000000eca80000, 0x0000000100000000)
  eden space 22016K, 0% used [0x00000000eab00000,0x00000000eab00000,0x00000000ec080000)
  from space 5120K, 89% used [0x00000000ec580000,0x00000000ec9f4b38,0x00000000eca80000)
  to   space 5120K, 0% used [0x00000000ec080000,0x00000000ec080000,0x00000000ec580000)
 ParOldGen       total 68608K, used 12530K [0x00000000c0000000, 0x00000000c4300000, 0x00000000eab00000)
  object space 68608K, 18% used [0x00000000c0000000,0x00000000c0c3c9d8,0x00000000c4300000)
 Metaspace       used 31237K, capacity 33065K, committed 33152K, reserved 1079296K
  class space    used 3014K, capacity 3709K, committed 3712K, reserved 1048576K
}
Event: 3.562 GC heap before
{Heap before GC invocations=12 (full 1):
 PSYoungGen      total 27136K, used 26578K [0x00000000eab00000, 0x00000000eca80000, 0x0000000100000000)
  eden space 22016K, 100% used [0x00000000eab00000,0x00000000ec080000,0x00000000ec080000)
  from space 5120K, 89% used [0x00000000ec580000,0x00000000ec9f4b38,0x00000000eca80000)
  to   space 5120K, 0% used [0x00000000ec080000,0x00000000ec080000,0x00000000ec580000)
 ParOldGen       total 68608K, used 12530K [0x00000000c0000000, 0x00000000c4300000, 0x00000000eab00000)
  object space 68608K, 18% used [0x00000000c0000000,0x00000000c0c3c9d8,0x00000000c4300000)
 Metaspace       used 31237K, capacity 33065K, committed 33152K, reserved 1079296K
  class space    used 3014K, capacity 3709K, committed 3712K, reserved 1048576K
}
Event: 3.565 GC heap after
{Heap after GC invocations=12 (full 1):
 PSYoungGen      total 24576K, used 2272K [0x00000000eab00000, 0x00000000ec780000, 0x0000000100000000)
  eden space 22016K, 0% used [0x00000000eab00000,0x00000000eab00000,0x00000000ec080000)
  from space 2560K, 88% used [0x00000000ec080000,0x00000000ec2b8000,0x00000000ec300000)
  to   space 3584K, 0% used [0x00000000ec400000,0x00000000ec400000,0x00000000ec780000)
 ParOldGen       total 68608K, used 17027K [0x00000000c0000000, 0x00000000c4300000, 0x00000000eab00000)
  object space 68608K, 24% used [0x00000000c0000000,0x00000000c10a0d88,0x00000000c4300000)
 Metaspace       used 31237K, capacity 33065K, committed 33152K, reserved 1079296K
  class space    used 3014K, capacity 3709K, committed 3712K, reserved 1048576K
}
Event: 3.595 GC heap before
{Heap before GC invocations=13 (full 1):
 PSYoungGen      total 24576K, used 24288K [0x00000000eab00000, 0x00000000ec780000, 0x0000000100000000)
  eden space 22016K, 100% used [0x00000000eab00000,0x00000000ec080000,0x00000000ec080000)
  from space 2560K, 88% used [0x00000000ec080000,0x00000000ec2b8000,0x00000000ec300000)
  to   space 3584K, 0% used [0x00000000ec400000,0x00000000ec400000,0x00000000ec780000)
 ParOldGen       total 68608K, used 17027K [0x00000000c0000000, 0x00000000c4300000, 0x00000000eab00000)
  object space 68608K, 24% used [0x00000000c0000000,0x00000000c10a0d88,0x00000000c4300000)
 Metaspace       used 31237K, capacity 33065K, committed 33152K, reserved 1079296K
  class space    used 3014K, capacity 3709K, committed 3712K, reserved 1048576K
}
Event: 3.598 GC heap after
{Heap after GC invocations=13 (full 1):
 PSYoungGen      total 25088K, used 2624K [0x00000000eab00000, 0x00000000ec700000, 0x0000000100000000)
  eden space 22016K, 0% used [0x00000000eab00000,0x00000000eab00000,0x00000000ec080000)
  from space 3072K, 85% used [0x00000000ec400000,0x00000000ec690010,0x00000000ec700000)
  to   space 3072K, 0% used [0x00000000ec100000,0x00000000ec100000,0x00000000ec400000)
 ParOldGen       total 68608K, used 19147K [0x00000000c0000000, 0x00000000c4300000, 0x00000000eab00000)
  object space 68608K, 27% used [0x00000000c0000000,0x00000000c12b2d88,0x00000000c4300000)
 Metaspace       used 31237K, capacity 33065K, committed 33152K, reserved 1079296K
  class space    used 3014K, capacity 3709K, committed 3712K, reserved 1048576K
}
Event: 3.665 GC heap before
{Heap before GC invocations=14 (full 1):
 PSYoungGen      total 25088K, used 24597K [0x00000000eab00000, 0x00000000ec700000, 0x0000000100000000)
  eden space 22016K, 99% used [0x00000000eab00000,0x00000000ec0754c8,0x00000000ec080000)
  from space 3072K, 85% used [0x00000000ec400000,0x00000000ec690010,0x00000000ec700000)
  to   space 3072K, 0% used [0x00000000ec100000,0x00000000ec100000,0x00000000ec400000)
 ParOldGen       total 68608K, used 19147K [0x00000000c0000000, 0x00000000c4300000, 0x00000000eab00000)
  object space 68608K, 27% used [0x00000000c0000000,0x00000000c12b2d88,0x00000000c4300000)
 Metaspace       used 31363K, capacity 33242K, committed 33536K, reserved 1079296K
  class space    used 3023K, capacity 3746K, committed 3840K, reserved 1048576K
}
Event: 3.668 GC heap after
{Heap after GC invocations=14 (full 1):
 PSYoungGen      total 25088K, used 3034K [0x00000000eab00000, 0x00000000ec780000, 0x0000000100000000)
  eden space 22016K, 0% used [0x00000000eab00000,0x00000000eab00000,0x00000000ec080000)
  from space 3072K, 98% used [0x00000000ec100000,0x00000000ec3f6b58,0x00000000ec400000)
  to   space 3584K, 0% used [0x00000000ec400000,0x00000000ec400000,0x00000000ec780000)
 ParOldGen       total 68608K, used 21697K [0x00000000c0000000, 0x00000000c4300000, 0x00000000eab00000)
  object space 68608K, 31% used [0x00000000c0000000,0x00000000c1530618,0x00000000c4300000)
 Metaspace       used 31363K, capacity 33242K, committed 33536K, reserved 1079296K
  class space    used 3023K, capacity 3746K, committed 3840K, reserved 1048576K
}
Event: 3.823 GC heap before
{Heap before GC invocations=15 (full 1):
 PSYoungGen      total 25088K, used 25050K [0x00000000eab00000, 0x00000000ec780000, 0x0000000100000000)
  eden space 22016K, 100% used [0x00000000eab00000,0x00000000ec080000,0x00000000ec080000)
  from space 3072K, 98% used [0x00000000ec100000,0x00000000ec3f6b58,0x00000000ec400000)
  to   space 3584K, 0% used [0x00000000ec400000,0x00000000ec400000,0x00000000ec780000)
 ParOldGen       total 68608K, used 21697K [0x00000000c0000000, 0x00000000c4300000, 0x00000000eab00000)
  object space 68608K, 31% used [0x00000000c0000000,0x00000000c1530618,0x00000000c4300000)
 Metaspace       used 33129K, capacity 35109K, committed 35200K, reserved 1081344K
  class space    used 3158K, capacity 3878K, committed 3968K, reserved 1048576K
}
Event: 3.826 GC heap after
{Heap after GC invocations=15 (full 1):
 PSYoungGen      total 23040K, used 944K [0x00000000eab00000, 0x00000000ec500000, 0x0000000100000000)
  eden space 22016K, 0% used [0x00000000eab00000,0x00000000eab00000,0x00000000ec080000)
  from space 1024K, 92% used [0x00000000ec400000,0x00000000ec4ec120,0x00000000ec500000)
  to   space 2048K, 0% used [0x00000000ec100000,0x00000000ec100000,0x00000000ec300000)
 ParOldGen       total 68608K, used 24670K [0x00000000c0000000, 0x00000000c4300000, 0x00000000eab00000)
  object space 68608K, 35% used [0x00000000c0000000,0x00000000c18179e8,0x00000000c4300000)
 Metaspace       used 33129K, capacity 35109K, committed 35200K, reserved 1081344K
  class space    used 3158K, capacity 3878K, committed 3968K, reserved 1048576K
}
Event: 3.833 GC heap before
{Heap before GC invocations=16 (full 1):
 PSYoungGen      total 23040K, used 1738K [0x00000000eab00000, 0x00000000ec500000, 0x0000000100000000)
  eden space 22016K, 3% used [0x00000000eab00000,0x00000000eabc66e0,0x00000000ec080000)
  from space 1024K, 92% used [0x00000000ec400000,0x00000000ec4ec120,0x00000000ec500000)
  to   space 2048K, 0% used [0x00000000ec100000,0x00000000ec100000,0x00000000ec300000)
 ParOldGen       total 68608K, used 24670K [0x00000000c0000000, 0x00000000c4300000, 0x00000000eab00000)
  object space 68608K, 35% used [0x00000000c0000000,0x00000000c18179e8,0x00000000c4300000)
 Metaspace       used 33342K, capacity 35301K, committed 35416K, reserved 1081344K
  class space    used 3169K, capacity 3878K, committed 3968K, reserved 1048576K
}
Event: 3.834 GC heap after
{Heap after GC invocations=16 (full 1):
 PSYoungGen      total 24064K, used 192K [0x00000000eab00000, 0x00000000ec480000, 0x0000000100000000)
  eden space 22016K, 0% used [0x00000000eab00000,0x00000000eab00000,0x00000000ec080000)
  from space 2048K, 9% used [0x00000000ec100000,0x00000000ec130000,0x00000000ec300000)
  to   space 1024K, 0% used [0x00000000ec380000,0x00000000ec380000,0x00000000ec480000)
 ParOldGen       total 68608K, used 25340K [0x00000000c0000000, 0x00000000c4300000, 0x00000000eab00000)
  object space 68608K, 36% used [0x00000000c0000000,0x00000000c18bf3c0,0x00000000c4300000)
 Metaspace       used 33342K, capacity 35301K, committed 35416K, reserved 1081344K
  class space    used 3169K, capacity 3878K, committed 3968K, reserved 1048576K
}
Event: 3.834 GC heap before
{Heap before GC invocations=17 (full 2):
 PSYoungGen      total 24064K, used 192K [0x00000000eab00000, 0x00000000ec480000, 0x0000000100000000)
  eden space 22016K, 0% used [0x00000000eab00000,0x00000000eab00000,0x00000000ec080000)
  from space 2048K, 9% used [0x00000000ec100000,0x00000000ec130000,0x00000000ec300000)
  to   space 1024K, 0% used [0x00000000ec380000,0x00000000ec380000,0x00000000ec480000)
 ParOldGen       total 68608K, used 25340K [0x00000000c0000000, 0x00000000c4300000, 0x00000000eab00000)
  object space 68608K, 36% used [0x00000000c0000000,0x00000000c18bf3c0,0x00000000c4300000)
 Metaspace       used 33342K, capacity 35301K, committed 35416K, reserved 1081344K
  class space    used 3169K, capacity 3878K, committed 3968K, reserved 1048576K
}
Event: 3.930 GC heap after
{Heap after GC invocations=17 (full 2):
 PSYoungGen      total 24064K, used 0K [0x00000000eab00000, 0x00000000ec480000, 0x0000000100000000)
  eden space 22016K, 0% used [0x00000000eab00000,0x00000000eab00000,0x00000000ec080000)
  from space 2048K, 0% used [0x00000000ec100000,0x00000000ec100000,0x00000000ec300000)
  to   space 1024K, 0% used [0x00000000ec380000,0x00000000ec380000,0x00000000ec480000)
 ParOldGen       total 68608K, used 24626K [0x00000000c0000000, 0x00000000c4300000, 0x00000000eab00000)
  object space 68608K, 35% used [0x00000000c0000000,0x00000000c180c878,0x00000000c4300000)
 Metaspace       used 33342K, capacity 35301K, committed 35416K, reserved 1081344K
  class space    used 3169K, capacity 3878K, committed 3968K, reserved 1048576K
}

